<?xml version="1.0" encoding="UTF-8"?>
<testsuite xmlns:xsi="http://www.w3.org/2001/XMLSchema-instance" xsi:noNamespaceSchemaLocation="https://maven.apache.org/surefire/maven-surefire-plugin/xsd/surefire-test-report-3.0.xsd" version="3.0" name="com.smart.SmartContactManagerApplicationTests" time="26.917" tests="1" errors="0" skipped="0" failures="0">
  <properties>
[...]
</properties>
  <testcase name="contextLoads" classname="com.smart.SmartContactManagerApplicationTests" time="3.026">
    <system-out><![CDATA[19:30:14.360 [main] INFO org.springframework.test.context.support.AnnotationConfigContextLoaderUtils -- Could not detect default configuration classes for test class [com.smart.SmartContactManagerApplicationTests]: SmartContactManagerApplicationTests does not declare any static, non-private, non-final, nested classes annotated with @Configuration.
19:30:15.215 [main] INFO org.springframework.boot.test.context.SpringBootTestContextBootstrapper -- Found @SpringBootConfiguration com.smart.SmartContactManagerApplication for test class com.smart.SmartContactManagerApplicationTests

  .   ____          _            __ _ _
 /\\ / ___'_ __ _ _(_)_ __  __ _ \ \ \ \
( ( )\___ | '_ | '_| | '_ \/ _` | \ \ \ \
 \\/  ___)| |_)| | | | | || (_| |  ) ) ) )
  '  |____| .__|_| |_|_| |_\__, | / / / /
 =========|_|==============|___/=/_/_/_/
 :: Spring Boot ::                (v3.1.1)

2023-08-03T19:30:16.501+05:30  INFO 10800 --- [           main] c.s.SmartContactManagerApplicationTests  : Starting SmartContactManagerApplicationTests using Java 20.0.1 with PID 10800 (started by Shivam Pathak in D:\Spring Project\ContactManager.zip_expanded\ContactManager)
2023-08-03T19:30:16.504+05:30  INFO 10800 --- [           main] c.s.SmartContactManagerApplicationTests  : No active profile set, falling back to 1 default profile: "default"
2023-08-03T19:30:18.941+05:30  INFO 10800 --- [           main] .s.d.r.c.RepositoryConfigurationDelegate : Bootstrapping Spring Data JPA repositories in DEFAULT mode.
2023-08-03T19:30:19.162+05:30  INFO 10800 --- [           main] .s.d.r.c.RepositoryConfigurationDelegate : Finished Spring Data repository scanning in 169 ms. Found 2 JPA repository interfaces.
2023-08-03T19:30:21.266+05:30  INFO 10800 --- [           main] o.hibernate.jpa.internal.util.LogHelper  : HHH000204: Processing PersistenceUnitInfo [name: default]
2023-08-03T19:30:21.482+05:30  INFO 10800 --- [           main] org.hibernate.Version                    : HHH000412: Hibernate ORM core version 6.2.5.Final
2023-08-03T19:30:21.485+05:30  INFO 10800 --- [           main] org.hibernate.cfg.Environment            : HHH000406: Using bytecode reflection optimizer
2023-08-03T19:30:21.927+05:30  INFO 10800 --- [           main] o.h.b.i.BytecodeProviderInitiator        : HHH000021: Bytecode provider name : bytebuddy
2023-08-03T19:30:22.343+05:30  INFO 10800 --- [           main] o.s.o.j.p.SpringPersistenceUnitInfo      : No LoadTimeWeaver setup: ignoring JPA class transformer
2023-08-03T19:30:22.403+05:30  INFO 10800 --- [           main] com.zaxxer.hikari.HikariDataSource       : HikariPool-1 - Starting...
2023-08-03T19:30:26.443+05:30  INFO 10800 --- [           main] com.zaxxer.hikari.pool.HikariPool        : HikariPool-1 - Added connection org.postgresql.jdbc.PgConnection@67d5ac2f
2023-08-03T19:30:26.445+05:30  INFO 10800 --- [           main] com.zaxxer.hikari.HikariDataSource       : HikariPool-1 - Start completed.
2023-08-03T19:30:28.088+05:30  INFO 10800 --- [           main] o.h.b.i.BytecodeProviderInitiator        : HHH000021: Bytecode provider name : bytebuddy
2023-08-03T19:30:30.054+05:30  INFO 10800 --- [           main] o.h.e.t.j.p.i.JtaPlatformInitiator       : HHH000490: Using JtaPlatform implementation: [org.hibernate.engine.transaction.jta.platform.internal.NoJtaPlatform]
2023-08-03T19:30:32.500+05:30  INFO 10800 --- [           main] j.LocalContainerEntityManagerFactoryBean : Initialized JPA EntityManagerFactory for persistence unit 'default'
2023-08-03T19:30:33.216+05:30  INFO 10800 --- [           main] o.s.d.j.r.query.QueryEnhancerFactory     : Hibernate is in classpath; If applicable, HQL parser will be used.
2023-08-03T19:30:34.433+05:30  WARN 10800 --- [           main] JpaBaseConfiguration$JpaWebConfiguration : spring.jpa.open-in-view is enabled by default. Therefore, database queries may be performed during view rendering. Explicitly configure spring.jpa.open-in-view to disable this warning
2023-08-03T19:30:35.322+05:30  INFO 10800 --- [           main] o.s.s.web.DefaultSecurityFilterChain     : Will secure any request with [org.springframework.security.web.session.DisableEncodeUrlFilter@10d56aab, org.springframework.security.web.context.request.async.WebAsyncManagerIntegrationFilter@7fb84ef7, org.springframework.security.web.context.SecurityContextHolderFilter@6dbe6891, org.springframework.security.web.header.HeaderWriterFilter@7aa4ef24, org.springframework.security.web.authentication.logout.LogoutFilter@4c0d7878, org.springframework.security.web.authentication.UsernamePasswordAuthenticationFilter@333cedbd, org.springframework.security.web.savedrequest.RequestCacheAwareFilter@71c9c7f3, org.springframework.security.web.servletapi.SecurityContextHolderAwareRequestFilter@b9750f0, org.springframework.security.web.authentication.AnonymousAuthenticationFilter@4563d421, org.springframework.security.web.access.ExceptionTranslationFilter@6d86d1ad, org.springframework.security.web.access.intercept.AuthorizationFilter@56a69c47]
2023-08-03T19:30:36.628+05:30  INFO 10800 --- [           main] c.s.SmartContactManagerApplicationTests  : Started SmartContactManagerApplicationTests in 20.924 seconds (process running for 26.123)
]]></system-out>
  </testcase>
</testsuite>